<?xml version="1.0" encoding="UTF-8"?>
<testsuite name="AnagramsTest" tests="2" skipped="0" failures="0" errors="0" timestamp="2016-09-07T22:29:12" hostname="epicodus-20.local" time="0.003">
  <properties/>
  <testcase name="runAnagrams_checkSingleWord_AnagramList1" classname="AnagramsTest" time="0.002"/>
  <testcase name="runAnagrams_checkSingleWord_AnagramList2" classname="AnagramsTest" time="0.0"/>
  <system-out><![CDATA[]]></system-out>
  <system-err><![CDATA[]]></system-err>
</testsuite>
